

============================== 2022-11-13 17:59:28.574213 | 6891c17a-2467-481e-a017-09d6f4b60c30 ==============================
[0m17:59:28.574230 [info ] [MainThread]: Running with dbt=1.3.0
[0m17:59:28.574722 [debug] [MainThread]: running dbt with arguments {'write_json': True, 'use_colors': True, 'printer_width': 80, 'version_check': True, 'partial_parse': True, 'static_parser': True, 'profiles_dir': '/Users/arthurrodriguez/.dbt', 'send_anonymous_usage_stats': True, 'event_buffer_size': 100000, 'quiet': False, 'no_print': False, 'skip_profile_setup': False, 'which': 'init', 'indirect_selection': 'eager'}
[0m17:59:28.574936 [debug] [MainThread]: Tracking: tracking
[0m17:59:28.595667 [debug] [MainThread]: Sending event: {'category': 'dbt', 'action': 'invocation', 'label': 'start', 'context': [<snowplow_tracker.self_describing_json.SelfDescribingJson object at 0x7fc727fe22b0>, <snowplow_tracker.self_describing_json.SelfDescribingJson object at 0x7fc727fb3c40>, <snowplow_tracker.self_describing_json.SelfDescribingJson object at 0x7fc727fb3c70>]}
[0m18:06:04.746765 [debug] [MainThread]: Starter project path: /Users/arthurrodriguez/opt/anaconda3/envs/bootcamp/lib/python3.9/site-packages/dbt/include/starter_project
[0m18:28:31.702124 [debug] [MainThread]: Sending event: {'category': 'dbt', 'action': 'invocation', 'label': 'end', 'context': [<snowplow_tracker.self_describing_json.SelfDescribingJson object at 0x7fc72a555e80>, <snowplow_tracker.self_describing_json.SelfDescribingJson object at 0x7fc72a555400>, <snowplow_tracker.self_describing_json.SelfDescribingJson object at 0x7fc72a555f40>]}
[0m18:28:31.712993 [debug] [MainThread]: Flushing usage events
[0m18:28:33.015506 [error] [MainThread]: Encountered an error:

[0m18:28:33.024832 [error] [MainThread]: Traceback (most recent call last):
  File "/Users/arthurrodriguez/opt/anaconda3/envs/bootcamp/lib/python3.9/site-packages/dbt/main.py", line 135, in main
    results, succeeded = handle_and_check(args)
  File "/Users/arthurrodriguez/opt/anaconda3/envs/bootcamp/lib/python3.9/site-packages/dbt/main.py", line 198, in handle_and_check
    task, res = run_from_args(parsed)
  File "/Users/arthurrodriguez/opt/anaconda3/envs/bootcamp/lib/python3.9/site-packages/dbt/main.py", line 245, in run_from_args
    results = task.run()
  File "/Users/arthurrodriguez/opt/anaconda3/envs/bootcamp/lib/python3.9/site-packages/dbt/task/init.py", line 332, in run
    self.create_profile_from_target(adapter, profile_name=project_name)
  File "/Users/arthurrodriguez/opt/anaconda3/envs/bootcamp/lib/python3.9/site-packages/dbt/task/init.py", line 207, in create_profile_from_target
    self.create_profile_from_profile_template(profile_template, profile_name)
  File "/Users/arthurrodriguez/opt/anaconda3/envs/bootcamp/lib/python3.9/site-packages/dbt/task/init.py", line 191, in create_profile_from_profile_template
    target = self.generate_target_from_input(prompts, initial_target)
  File "/Users/arthurrodriguez/opt/anaconda3/envs/bootcamp/lib/python3.9/site-packages/dbt/task/init.py", line 144, in generate_target_from_input
    target = self.generate_target_from_input(
  File "/Users/arthurrodriguez/opt/anaconda3/envs/bootcamp/lib/python3.9/site-packages/dbt/task/init.py", line 157, in generate_target_from_input
    target[key] = click.prompt(
  File "/Users/arthurrodriguez/opt/anaconda3/envs/bootcamp/lib/python3.9/site-packages/click/termui.py", line 166, in prompt
    value = prompt_func(prompt)
  File "/Users/arthurrodriguez/opt/anaconda3/envs/bootcamp/lib/python3.9/site-packages/click/termui.py", line 149, in prompt_func
    raise Abort() from None
click.exceptions.Abort

