

============================== 2022-11-08 19:37:59.340126 | d3ef8d40-c78b-4e50-b4db-8dfd10a9fb2e ==============================
[0m19:37:59.340126 [info ] [MainThread]: Running with dbt=1.3.0
[0m19:37:59.340126 [debug] [MainThread]: running dbt with arguments {'write_json': True, 'use_colors': True, 'printer_width': 80, 'version_check': True, 'partial_parse': True, 'static_parser': True, 'profiles_dir': 'C:\\Users\\liutm\\.dbt', 'send_anonymous_usage_stats': True, 'event_buffer_size': 100000, 'quiet': False, 'no_print': False, 'skip_profile_setup': False, 'which': 'init', 'indirect_selection': 'eager'}
[0m19:37:59.340126 [debug] [MainThread]: Tracking: tracking
[0m19:37:59.355763 [debug] [MainThread]: Sending event: {'category': 'dbt', 'action': 'invocation', 'label': 'start', 'context': [<snowplow_tracker.self_describing_json.SelfDescribingJson object at 0x000001CC8F5BDE50>, <snowplow_tracker.self_describing_json.SelfDescribingJson object at 0x000001CC8F5BD6D0>, <snowplow_tracker.self_describing_json.SelfDescribingJson object at 0x000001CC8F5BDC70>]}
[0m19:39:45.103104 [debug] [MainThread]: Starter project path: C:\Users\liutm\.conda\envs\bootcamp\lib\site-packages\dbt\include\starter_project
[0m19:45:23.255501 [info ] [MainThread]: Profile dbt_snowflake_p2 written to C:\Users\liutm\.dbt\profiles.yml using target's profile_template.yml and your supplied values. Run 'dbt debug' to validate the connection.
[0m19:45:23.259722 [info ] [MainThread]: 
Your new dbt project "dbt_snowflake_p2" was created!

For more information on how to configure the profiles.yml file,
please consult the dbt documentation here:

  https://docs.getdbt.com/docs/configure-your-profile

One more thing:

Need help? Don't hesitate to reach out to us via GitHub issues or on Slack:

  https://community.getdbt.com/

Happy modeling!

[0m19:45:23.259722 [debug] [MainThread]: Sending event: {'category': 'dbt', 'action': 'invocation', 'label': 'end', 'context': [<snowplow_tracker.self_describing_json.SelfDescribingJson object at 0x000001CC8F5BDC70>, <snowplow_tracker.self_describing_json.SelfDescribingJson object at 0x000001CC8F5BD4F0>, <snowplow_tracker.self_describing_json.SelfDescribingJson object at 0x000001CC8F5BD310>]}
[0m19:45:23.259722 [debug] [MainThread]: Flushing usage events


============================== 2022-11-08 19:54:11.850723 | 01db0e7d-bcde-4c5b-b452-aefbb5eb0c23 ==============================
[0m19:54:11.850723 [info ] [MainThread]: Running with dbt=1.3.0
[0m19:54:11.856722 [debug] [MainThread]: running dbt with arguments {'write_json': True, 'use_colors': True, 'printer_width': 80, 'version_check': True, 'partial_parse': True, 'static_parser': True, 'profiles_dir': 'C:\\Users\\liutm\\.dbt', 'send_anonymous_usage_stats': True, 'event_buffer_size': 100000, 'quiet': False, 'no_print': False, 'config_dir': False, 'which': 'debug', 'indirect_selection': 'eager'}
[0m19:54:11.858726 [debug] [MainThread]: Tracking: tracking
[0m19:54:11.876725 [debug] [MainThread]: Sending event: {'category': 'dbt', 'action': 'invocation', 'label': 'start', 'context': [<snowplow_tracker.self_describing_json.SelfDescribingJson object at 0x000002927300DEE0>, <snowplow_tracker.self_describing_json.SelfDescribingJson object at 0x000002927300D700>, <snowplow_tracker.self_describing_json.SelfDescribingJson object at 0x000002927300DD60>]}
[0m19:54:13.266262 [debug] [MainThread]: Executing "git --help"
[0m19:54:13.317265 [debug] [MainThread]: STDOUT: "b"usage: git [-v | --version] [-h | --help] [-C <path>] [-c <name>=<value>]\n           [--exec-path[=<path>]] [--html-path] [--man-path] [--info-path]\n           [-p | --paginate | -P | --no-pager] [--no-replace-objects] [--bare]\n           [--git-dir=<path>] [--work-tree=<path>] [--namespace=<name>]\n           [--super-prefix=<path>] [--config-env=<name>=<envvar>]\n           <command> [<args>]\n\nThese are common Git commands used in various situations:\n\nstart a working area (see also: git help tutorial)\n   clone     Clone a repository into a new directory\n   init      Create an empty Git repository or reinitialize an existing one\n\nwork on the current change (see also: git help everyday)\n   add       Add file contents to the index\n   mv        Move or rename a file, a directory, or a symlink\n   restore   Restore working tree files\n   rm        Remove files from the working tree and from the index\n\nexamine the history and state (see also: git help revisions)\n   bisect    Use binary search to find the commit that introduced a bug\n   diff      Show changes between commits, commit and working tree, etc\n   grep      Print lines matching a pattern\n   log       Show commit logs\n   show      Show various types of objects\n   status    Show the working tree status\n\ngrow, mark and tweak your common history\n   branch    List, create, or delete branches\n   commit    Record changes to the repository\n   merge     Join two or more development histories together\n   rebase    Reapply commits on top of another base tip\n   reset     Reset current HEAD to the specified state\n   switch    Switch branches\n   tag       Create, list, delete or verify a tag object signed with GPG\n\ncollaborate (see also: git help workflows)\n   fetch     Download objects and refs from another repository\n   pull      Fetch from and integrate with another repository or a local branch\n   push      Update remote refs along with associated objects\n\n'git help -a' and 'git help -g' list available subcommands and some\nconcept guides. See 'git help <command>' or 'git help <concept>'\nto read about a specific subcommand or concept.\nSee 'git help git' for an overview of the system.\n""
[0m19:54:13.319262 [debug] [MainThread]: STDERR: "b''"
[0m19:54:13.323261 [debug] [MainThread]: Sending event: {'category': 'dbt', 'action': 'invocation', 'label': 'end', 'context': [<snowplow_tracker.self_describing_json.SelfDescribingJson object at 0x00000292044502E0>, <snowplow_tracker.self_describing_json.SelfDescribingJson object at 0x0000029204450940>, <snowplow_tracker.self_describing_json.SelfDescribingJson object at 0x0000029204450BB0>]}
[0m19:54:13.324261 [debug] [MainThread]: Flushing usage events


============================== 2022-11-08 19:58:58.102723 | 0441f02d-9c3f-44b8-b21b-83ddb850c401 ==============================
[0m19:58:58.102723 [info ] [MainThread]: Running with dbt=1.3.0
[0m19:58:58.102723 [debug] [MainThread]: running dbt with arguments {'write_json': True, 'use_colors': True, 'printer_width': 80, 'version_check': True, 'partial_parse': True, 'static_parser': True, 'profiles_dir': 'C:\\Users\\liutm\\.dbt', 'send_anonymous_usage_stats': True, 'event_buffer_size': 100000, 'quiet': False, 'no_print': False, 'config_dir': False, 'which': 'debug', 'indirect_selection': 'eager'}
[0m19:58:58.102723 [debug] [MainThread]: Tracking: tracking
[0m19:58:58.133976 [debug] [MainThread]: Sending event: {'category': 'dbt', 'action': 'invocation', 'label': 'start', 'context': [<snowplow_tracker.self_describing_json.SelfDescribingJson object at 0x0000026CD273DEE0>, <snowplow_tracker.self_describing_json.SelfDescribingJson object at 0x0000026CD273D670>, <snowplow_tracker.self_describing_json.SelfDescribingJson object at 0x0000026CD273DD60>]}
[0m19:58:59.228200 [debug] [MainThread]: Executing "git --help"
[0m19:58:59.275048 [debug] [MainThread]: STDOUT: "b"usage: git [-v | --version] [-h | --help] [-C <path>] [-c <name>=<value>]\n           [--exec-path[=<path>]] [--html-path] [--man-path] [--info-path]\n           [-p | --paginate | -P | --no-pager] [--no-replace-objects] [--bare]\n           [--git-dir=<path>] [--work-tree=<path>] [--namespace=<name>]\n           [--super-prefix=<path>] [--config-env=<name>=<envvar>]\n           <command> [<args>]\n\nThese are common Git commands used in various situations:\n\nstart a working area (see also: git help tutorial)\n   clone     Clone a repository into a new directory\n   init      Create an empty Git repository or reinitialize an existing one\n\nwork on the current change (see also: git help everyday)\n   add       Add file contents to the index\n   mv        Move or rename a file, a directory, or a symlink\n   restore   Restore working tree files\n   rm        Remove files from the working tree and from the index\n\nexamine the history and state (see also: git help revisions)\n   bisect    Use binary search to find the commit that introduced a bug\n   diff      Show changes between commits, commit and working tree, etc\n   grep      Print lines matching a pattern\n   log       Show commit logs\n   show      Show various types of objects\n   status    Show the working tree status\n\ngrow, mark and tweak your common history\n   branch    List, create, or delete branches\n   commit    Record changes to the repository\n   merge     Join two or more development histories together\n   rebase    Reapply commits on top of another base tip\n   reset     Reset current HEAD to the specified state\n   switch    Switch branches\n   tag       Create, list, delete or verify a tag object signed with GPG\n\ncollaborate (see also: git help workflows)\n   fetch     Download objects and refs from another repository\n   pull      Fetch from and integrate with another repository or a local branch\n   push      Update remote refs along with associated objects\n\n'git help -a' and 'git help -g' list available subcommands and some\nconcept guides. See 'git help <command>' or 'git help <concept>'\nto read about a specific subcommand or concept.\nSee 'git help git' for an overview of the system.\n""
[0m19:58:59.275048 [debug] [MainThread]: STDERR: "b''"
[0m19:58:59.290673 [debug] [MainThread]: Sending event: {'category': 'dbt', 'action': 'invocation', 'label': 'end', 'context': [<snowplow_tracker.self_describing_json.SelfDescribingJson object at 0x0000026CE2600880>, <snowplow_tracker.self_describing_json.SelfDescribingJson object at 0x0000026CE2600070>, <snowplow_tracker.self_describing_json.SelfDescribingJson object at 0x0000026CE2600AF0>]}
[0m19:58:59.291832 [debug] [MainThread]: Flushing usage events


============================== 2022-11-09 15:52:45.560122 | 87d80912-773f-4ae4-bdfd-48e30e3c4612 ==============================
[0m15:52:45.560122 [info ] [MainThread]: Running with dbt=1.3.0
[0m15:52:45.560122 [debug] [MainThread]: running dbt with arguments {'write_json': True, 'use_colors': True, 'printer_width': 80, 'version_check': True, 'partial_parse': True, 'static_parser': True, 'profiles_dir': 'C:\\Users\\liutm\\.dbt', 'send_anonymous_usage_stats': True, 'event_buffer_size': 100000, 'quiet': False, 'no_print': False, 'skip_profile_setup': False, 'which': 'init', 'indirect_selection': 'eager'}
[0m15:52:45.575838 [debug] [MainThread]: Tracking: tracking
[0m15:52:45.591793 [debug] [MainThread]: Sending event: {'category': 'dbt', 'action': 'invocation', 'label': 'start', 'context': [<snowplow_tracker.self_describing_json.SelfDescribingJson object at 0x0000020FECAEDE50>, <snowplow_tracker.self_describing_json.SelfDescribingJson object at 0x0000020FECAED5E0>, <snowplow_tracker.self_describing_json.SelfDescribingJson object at 0x0000020FECAEDC70>]}
[0m15:53:23.450803 [debug] [MainThread]: Starter project path: C:\Users\liutm\.conda\envs\bootcamp\lib\site-packages\dbt\include\starter_project
[0m15:56:59.154045 [info ] [MainThread]: Profile transform written to C:\Users\liutm\.dbt\profiles.yml using target's profile_template.yml and your supplied values. Run 'dbt debug' to validate the connection.
[0m15:56:59.157282 [info ] [MainThread]: 
Your new dbt project "transform" was created!

For more information on how to configure the profiles.yml file,
please consult the dbt documentation here:

  https://docs.getdbt.com/docs/configure-your-profile

One more thing:

Need help? Don't hesitate to reach out to us via GitHub issues or on Slack:

  https://community.getdbt.com/

Happy modeling!

[0m15:56:59.157282 [debug] [MainThread]: Sending event: {'category': 'dbt', 'action': 'invocation', 'label': 'end', 'context': [<snowplow_tracker.self_describing_json.SelfDescribingJson object at 0x0000020FECAEDC70>, <snowplow_tracker.self_describing_json.SelfDescribingJson object at 0x0000020FECAED520>, <snowplow_tracker.self_describing_json.SelfDescribingJson object at 0x0000020FECAED310>]}
[0m15:56:59.166187 [debug] [MainThread]: Flushing usage events


============================== 2022-11-09 15:57:43.211630 | fe36b209-8942-4cc0-a858-055717919fee ==============================
[0m15:57:43.211630 [info ] [MainThread]: Running with dbt=1.3.0
[0m15:57:43.231734 [debug] [MainThread]: running dbt with arguments {'write_json': True, 'use_colors': True, 'printer_width': 80, 'version_check': True, 'partial_parse': True, 'static_parser': True, 'profiles_dir': 'C:\\Users\\liutm\\.dbt', 'send_anonymous_usage_stats': True, 'event_buffer_size': 100000, 'quiet': False, 'no_print': False, 'config_dir': False, 'which': 'debug', 'indirect_selection': 'eager'}
[0m15:57:43.231734 [debug] [MainThread]: Tracking: tracking
[0m15:57:43.247616 [debug] [MainThread]: Sending event: {'category': 'dbt', 'action': 'invocation', 'label': 'start', 'context': [<snowplow_tracker.self_describing_json.SelfDescribingJson object at 0x0000015B8646EF10>, <snowplow_tracker.self_describing_json.SelfDescribingJson object at 0x0000015B8646E6A0>, <snowplow_tracker.self_describing_json.SelfDescribingJson object at 0x0000015B8646ED30>]}
[0m15:57:44.383794 [debug] [MainThread]: Executing "git --help"
[0m15:57:44.432641 [debug] [MainThread]: STDOUT: "b"usage: git [-v | --version] [-h | --help] [-C <path>] [-c <name>=<value>]\n           [--exec-path[=<path>]] [--html-path] [--man-path] [--info-path]\n           [-p | --paginate | -P | --no-pager] [--no-replace-objects] [--bare]\n           [--git-dir=<path>] [--work-tree=<path>] [--namespace=<name>]\n           [--super-prefix=<path>] [--config-env=<name>=<envvar>]\n           <command> [<args>]\n\nThese are common Git commands used in various situations:\n\nstart a working area (see also: git help tutorial)\n   clone     Clone a repository into a new directory\n   init      Create an empty Git repository or reinitialize an existing one\n\nwork on the current change (see also: git help everyday)\n   add       Add file contents to the index\n   mv        Move or rename a file, a directory, or a symlink\n   restore   Restore working tree files\n   rm        Remove files from the working tree and from the index\n\nexamine the history and state (see also: git help revisions)\n   bisect    Use binary search to find the commit that introduced a bug\n   diff      Show changes between commits, commit and working tree, etc\n   grep      Print lines matching a pattern\n   log       Show commit logs\n   show      Show various types of objects\n   status    Show the working tree status\n\ngrow, mark and tweak your common history\n   branch    List, create, or delete branches\n   commit    Record changes to the repository\n   merge     Join two or more development histories together\n   rebase    Reapply commits on top of another base tip\n   reset     Reset current HEAD to the specified state\n   switch    Switch branches\n   tag       Create, list, delete or verify a tag object signed with GPG\n\ncollaborate (see also: git help workflows)\n   fetch     Download objects and refs from another repository\n   pull      Fetch from and integrate with another repository or a local branch\n   push      Update remote refs along with associated objects\n\n'git help -a' and 'git help -g' list available subcommands and some\nconcept guides. See 'git help <command>' or 'git help <concept>'\nto read about a specific subcommand or concept.\nSee 'git help git' for an overview of the system.\n""
[0m15:57:44.434049 [debug] [MainThread]: STDERR: "b''"
[0m15:57:44.436060 [debug] [MainThread]: Sending event: {'category': 'dbt', 'action': 'invocation', 'label': 'end', 'context': [<snowplow_tracker.self_describing_json.SelfDescribingJson object at 0x0000015B973203D0>, <snowplow_tracker.self_describing_json.SelfDescribingJson object at 0x0000015B97320AF0>, <snowplow_tracker.self_describing_json.SelfDescribingJson object at 0x0000015B973200D0>]}
[0m15:57:44.436060 [debug] [MainThread]: Flushing usage events


============================== 2022-11-09 20:37:25.113493 | e138037e-a679-434f-9903-5d0c5a360559 ==============================
[0m20:37:25.113493 [info ] [MainThread]: Running with dbt=1.3.0
[0m20:37:25.113493 [debug] [MainThread]: running dbt with arguments {'write_json': True, 'use_colors': True, 'printer_width': 80, 'version_check': True, 'partial_parse': True, 'static_parser': True, 'profiles_dir': 'C:\\Users\\liutm\\.dbt', 'send_anonymous_usage_stats': True, 'event_buffer_size': 100000, 'quiet': False, 'no_print': False, 'skip_profile_setup': False, 'which': 'init', 'indirect_selection': 'eager'}
[0m20:37:25.123262 [debug] [MainThread]: Tracking: tracking
[0m20:37:25.133412 [debug] [MainThread]: Sending event: {'category': 'dbt', 'action': 'invocation', 'label': 'start', 'context': [<snowplow_tracker.self_describing_json.SelfDescribingJson object at 0x000001EC1F46DEE0>, <snowplow_tracker.self_describing_json.SelfDescribingJson object at 0x000001EC1F46D670>, <snowplow_tracker.self_describing_json.SelfDescribingJson object at 0x000001EC1F46DD00>]}
[0m20:37:33.740381 [debug] [MainThread]: Starter project path: C:\Users\liutm\.conda\envs\bootcamp\lib\site-packages\dbt\include\starter_project
[0m20:40:22.188267 [info ] [MainThread]: Profile transform written to C:\Users\liutm\.dbt\profiles.yml using target's profile_template.yml and your supplied values. Run 'dbt debug' to validate the connection.
[0m20:40:22.188267 [info ] [MainThread]: 
Your new dbt project "transform" was created!

For more information on how to configure the profiles.yml file,
please consult the dbt documentation here:

  https://docs.getdbt.com/docs/configure-your-profile

One more thing:

Need help? Don't hesitate to reach out to us via GitHub issues or on Slack:

  https://community.getdbt.com/

Happy modeling!

[0m20:40:22.188267 [debug] [MainThread]: Sending event: {'category': 'dbt', 'action': 'invocation', 'label': 'end', 'context': [<snowplow_tracker.self_describing_json.SelfDescribingJson object at 0x000001EC1F46DD00>, <snowplow_tracker.self_describing_json.SelfDescribingJson object at 0x000001EC1F46D5B0>, <snowplow_tracker.self_describing_json.SelfDescribingJson object at 0x000001EC1F46D250>]}
[0m20:40:22.199920 [debug] [MainThread]: Flushing usage events
